<?xml version="1.0" encoding="UTF-8" standalone="no"?>
<testsuite failures="0" name="cucumber.runtime.formatter.JUnitFormatter" skipped="0" tests="1" time="12.188448">
<testcase classname="To validate the account creation of fb application" name="To create new account" time="12.188448">
<system-out><![CDATA[Given To launch the browser and maximise the window.........................passed
When To launch url of fb application........................................passed
And To click the creat new button button....................................passed
And To pass firstname in firstname text box.................................passed
And To pass second name in second text box..................................passed
And To pass mobileno or email in email text box.............................passed
And To create new password using new password text box......................passed
Then to close the edge browser..............................................passed
]]></system-out>
</testcase>
</testsuite>
